<?xml version="1.0" encoding="UTF-8"?>
<!-- Generated by org.testng.reporters.JUnitReportReporter -->
<testsuite hostname="MacBook-Pro-de-Laura.local" failures="0" tests="1" name="testScript.RegisterTest" time="6.553" errors="0" timestamp="2021-09-06T12:50:37 COT" skipped="0">
  <testcase classname="testScript.RegisterTest" name="registerTest" time="6.553"/>
  <system-out/>
</testsuite> <!-- testScript.RegisterTest -->
