<?xml version="1.0" encoding="UTF-8"?>
<!-- Generated by org.testng.reporters.JUnitReportReporter -->
<testsuite hostname="MacBook-Pro-de-Laura.local" failures="0" tests="1" name="testScript.MillionTest" time="19.744" errors="0" timestamp="2021-09-06T12:31:19 COT" skipped="0">
  <testcase classname="testScript.MillionTest" name="millionTest" time="19.744"/>
  <system-out/>
</testsuite> <!-- testScript.MillionTest -->
