<?xml version="1.0" encoding="UTF-8"?>
<!-- Generated by org.testng.reporters.JUnitReportReporter -->
<testsuite hostname="MacBook-Pro-de-Laura.local" failures="0" tests="1" name="testScript.SearchTest" time="5.933" errors="0" timestamp="2021-09-03T12:41:06 COT" skipped="0">
  <testcase classname="testScript.SearchTest" name="searchTest" time="5.933"/>
  <system-out/>
</testsuite> <!-- testScript.SearchTest -->
